<?xml version="1.0" encoding="UTF-8"?>
<coverage generated="1593109655697" clover="3.2.0">
  <project timestamp="1593109655699" name="All files">
    <metrics statements="32" coveredstatements="26" conditionals="4" coveredconditionals="0" methods="4" coveredmethods="2" elements="40" coveredelements="28" complexity="0" loc="32" ncloc="32" packages="2" files="3" classes="3"/>
    <package name="comment-microapi">
      <metrics statements="28" coveredstatements="22" conditionals="4" coveredconditionals="0" methods="4" coveredmethods="2"/>
      <file name="server.js" path="C:\Users\Mr. Oscar\Desktop\ICE\SWE\HNGi7\MyCodeBase\comment-microapi\server.js">
        <metrics statements="28" coveredstatements="22" conditionals="4" coveredconditionals="0" methods="4" coveredmethods="2"/>
        <line num="1" count="1" type="stmt"/>
        <line num="2" count="1" type="stmt"/>
        <line num="3" count="1" type="stmt"/>
        <line num="4" count="1" type="stmt"/>
        <line num="5" count="1" type="stmt"/>
        <line num="6" count="1" type="stmt"/>
        <line num="7" count="1" type="stmt"/>
        <line num="8" count="1" type="stmt"/>
        <line num="10" count="1" type="stmt"/>
        <line num="13" count="1" type="stmt"/>
        <line num="21" count="1" type="stmt"/>
        <line num="27" count="0" type="stmt"/>
        <line num="28" count="0" type="stmt"/>
        <line num="32" count="1" type="stmt"/>
        <line num="33" count="1" type="stmt"/>
        <line num="34" count="1" type="stmt"/>
        <line num="35" count="1" type="stmt"/>
        <line num="36" count="1" type="stmt"/>
        <line num="39" count="1" type="stmt"/>
        <line num="40" count="1" type="stmt"/>
        <line num="41" count="1" type="stmt"/>
        <line num="44" count="1" type="stmt"/>
        <line num="52" count="1" type="stmt"/>
        <line num="54" count="0" type="stmt"/>
        <line num="55" count="0" type="cond" truecount="0" falsecount="2"/>
        <line num="58" count="0" type="cond" truecount="0" falsecount="2"/>
        <line num="59" count="0" type="stmt"/>
        <line num="62" count="1" type="stmt"/>
      </file>
    </package>
    <package name="comment-microapi.routes">
      <metrics statements="4" coveredstatements="4" conditionals="0" coveredconditionals="0" methods="0" coveredmethods="0"/>
      <file name="comments.js" path="C:\Users\Mr. Oscar\Desktop\ICE\SWE\HNGi7\MyCodeBase\comment-microapi\routes\comments.js">
        <metrics statements="2" coveredstatements="2" conditionals="0" coveredconditionals="0" methods="0" coveredmethods="0"/>
        <line num="1" count="1" type="stmt"/>
        <line num="3" count="1" type="stmt"/>
      </file>
      <file name="replies.js" path="C:\Users\Mr. Oscar\Desktop\ICE\SWE\HNGi7\MyCodeBase\comment-microapi\routes\replies.js">
        <metrics statements="2" coveredstatements="2" conditionals="0" coveredconditionals="0" methods="0" coveredmethods="0"/>
        <line num="1" count="1" type="stmt"/>
        <line num="3" count="1" type="stmt"/>
      </file>
    </package>
  </project>
</coverage>
