{"C:\\Users\\Mr. Oscar\\Desktop\\ICE\\SWE\\HNGi7\\MyCodeBase\\comment-microapi\\server.js": {"path":"C:\\Users\\Mr. Oscar\\Desktop\\ICE\\SWE\\HNGi7\\MyCodeBase\\comment-microapi\\server.js","statementMap":{"0":{"start":{"line":1,"column":16},"end":{"line":1,"column":34}},"1":{"start":{"line":2,"column":21},"end":{"line":2,"column":45}},"2":{"start":{"line":3,"column":15},"end":{"line":3,"column":32}},"3":{"start":{"line":4,"column":17},"end":{"line":4,"column":36}},"4":{"start":{"line":5,"column":13},"end":{"line":5,"column":28}},"5":{"start":{"line":6,"column":22},"end":{"line":6,"column":50}},"6":{"start":{"line":7,"column":22},"end":{"line":7,"column":49}},"7":{"start":{"line":8,"column":0},"end":{"line":8,"column":27}},"8":{"start":{"line":10,"column":12},"end":{"line":10,"column":21}},"9":{"start":{"line":13,"column":0},"end":{"line":29,"column":5}},"10":{"start":{"line":21,"column":6},"end":{"line":23,"column":8}},"11":{"start":{"line":27,"column":4},"end":{"line":27,"column":52}},"12":{"start":{"line":28,"column":4},"end":{"line":28,"column":20}},"13":{"start":{"line":32,"column":0},"end":{"line":32,"column":23}},"14":{"start":{"line":33,"column":0},"end":{"line":33,"column":24}},"15":{"start":{"line":34,"column":0},"end":{"line":34,"column":49}},"16":{"start":{"line":35,"column":0},"end":{"line":35,"column":24}},"17":{"start":{"line":36,"column":0},"end":{"line":36,"column":16}},"18":{"start":{"line":39,"column":0},"end":{"line":39,"column":19}},"19":{"start":{"line":40,"column":0},"end":{"line":40,"column":43}},"20":{"start":{"line":41,"column":0},"end":{"line":41,"column":52}},"21":{"start":{"line":44,"column":2},"end":{"line":48,"column":5}},"22":{"start":{"line":52,"column":0},"end":{"line":60,"column":3}},"23":{"start":{"line":54,"column":2},"end":{"line":54,"column":35}},"24":{"start":{"line":55,"column":2},"end":{"line":55,"column":69}},"25":{"start":{"line":58,"column":2},"end":{"line":58,"column":36}},"26":{"start":{"line":59,"column":2},"end":{"line":59,"column":20}},"27":{"start":{"line":62,"column":0},"end":{"line":62,"column":21}}},"fnMap":{"0":{"name":"(anonymous_0)","decl":{"start":{"line":20,"column":4},"end":{"line":20,"column":5}},"loc":{"start":{"line":20,"column":10},"end":{"line":24,"column":5}},"line":20},"1":{"name":"(anonymous_1)","decl":{"start":{"line":26,"column":9},"end":{"line":26,"column":10}},"loc":{"start":{"line":26,"column":18},"end":{"line":29,"column":3}},"line":26},"2":{"name":"home","decl":{"start":{"line":43,"column":9},"end":{"line":43,"column":13}},"loc":{"start":{"line":43,"column":24},"end":{"line":49,"column":1}},"line":43},"3":{"name":"(anonymous_3)","decl":{"start":{"line":52,"column":8},"end":{"line":52,"column":9}},"loc":{"start":{"line":52,"column":27},"end":{"line":60,"column":1}},"line":52}},"branchMap":{"0":{"loc":{"start":{"line":55,"column":21},"end":{"line":55,"column":68}},"type":"cond-expr","locations":[{"start":{"line":55,"column":60},"end":{"line":55,"column":63}},{"start":{"line":55,"column":66},"end":{"line":55,"column":68}}],"line":55},"1":{"loc":{"start":{"line":58,"column":17},"end":{"line":58,"column":34}},"type":"binary-expr","locations":[{"start":{"line":58,"column":17},"end":{"line":58,"column":27}},{"start":{"line":58,"column":31},"end":{"line":58,"column":34}}],"line":58}},"s":{"0":1,"1":1,"2":1,"3":1,"4":1,"5":1,"6":1,"7":1,"8":1,"9":1,"10":1,"11":0,"12":0,"13":1,"14":1,"15":1,"16":1,"17":1,"18":1,"19":1,"20":1,"21":1,"22":1,"23":0,"24":0,"25":0,"26":0,"27":1},"f":{"0":1,"1":0,"2":1,"3":0},"b":{"0":[0,0],"1":[0,0]},"_coverageSchema":"1a1c01bbd47fc00a2c39e90264f33305004495a9","hash":"ced51412bcbf3ce643840d89d7434a57606c7ba9"}
,"C:\\Users\\Mr. Oscar\\Desktop\\ICE\\SWE\\HNGi7\\MyCodeBase\\comment-microapi\\routes\\comments.js": {"path":"C:\\Users\\Mr. Oscar\\Desktop\\ICE\\SWE\\HNGi7\\MyCodeBase\\comment-microapi\\routes\\comments.js","statementMap":{"0":{"start":{"line":1,"column":15},"end":{"line":1,"column":42}},"1":{"start":{"line":3,"column":0},"end":{"line":3,"column":24}}},"fnMap":{},"branchMap":{},"s":{"0":1,"1":1},"f":{},"b":{},"_coverageSchema":"1a1c01bbd47fc00a2c39e90264f33305004495a9","hash":"14dfe82cb615e0c88b6fe5d1d4af1e9b5cadebf0"}
,"C:\\Users\\Mr. Oscar\\Desktop\\ICE\\SWE\\HNGi7\\MyCodeBase\\comment-microapi\\routes\\replies.js": {"path":"C:\\Users\\Mr. Oscar\\Desktop\\ICE\\SWE\\HNGi7\\MyCodeBase\\comment-microapi\\routes\\replies.js","statementMap":{"0":{"start":{"line":1,"column":15},"end":{"line":1,"column":42}},"1":{"start":{"line":3,"column":0},"end":{"line":3,"column":24}}},"fnMap":{},"branchMap":{},"s":{"0":1,"1":1},"f":{},"b":{},"_coverageSchema":"1a1c01bbd47fc00a2c39e90264f33305004495a9","hash":"30b1aed04c5f2c54fbe08928f2141b105683d022"}
}
